[35m[1mScanning dependencies of target EKFSlam[0m
[  0%] Built target std_msgs_generate_messages_py
[  0%] Built target sensor_msgs_generate_messages_py
[ 11%] Built target Evaluator
[ 11%] Built target std_msgs_generate_messages_nodejs
[ 11%] Built target sensor_msgs_generate_messages_lisp
[ 11%] Built target sensor_msgs_generate_messages_nodejs
[ 11%] Built target std_msgs_generate_messages_lisp
[ 23%] Built target TransformLaserScan
[ 35%] Built target LandmarkProcessor
[ 35%] Built target sensor_msgs_generate_messages_cpp
[ 35%] Built target std_msgs_generate_messages_cpp
[ 35%] Built target sensor_msgs_generate_messages_eus
[ 47%] Built target CmdVelSmoother
[ 52%] [32mBuilding CXX object CMakeFiles/EKFSlam.dir/src/ekfSlam.cpp.o[0m
[ 52%] Built target std_msgs_generate_messages_eus
[ 52%] Built target _master_thesis_kremmel_generate_messages_check_deps_Landmark
[ 76%] Built target master_thesis_kremmel_generate_messages_py
[ 76%] Built target master_thesis_kremmel_generate_messages_eus
[ 82%] Built target master_thesis_kremmel_generate_messages_cpp
[ 88%] Built target master_thesis_kremmel_generate_messages_nodejs
[ 94%] Built target master_thesis_kremmel_generate_messages_lisp
[ 94%] Built target master_thesis_kremmel_generate_messages
[01m[K/home/max/master_thesis_kremmel/master_thesis_ros/catkin_ws/src/master_thesis_kremmel/src/ekfSlam.cpp:7:10:[m[K [01;31m[Kfatal error: [m[KTransform.h: No such file or directory
    7 | #include [01;31m[K<Transform.h>[m[K
      |          [01;31m[K^~~~~~~~~~~~~[m[K
compilation terminated.
make[2]: *** [CMakeFiles/EKFSlam.dir/build.make:63: CMakeFiles/EKFSlam.dir/src/ekfSlam.cpp.o] Error 1
make[1]: *** [CMakeFiles/Makefile2:239: CMakeFiles/EKFSlam.dir/all] Error 2
make: *** [Makefile:141: all] Error 2
