[35m[1mScanning dependencies of target EKFSlam[0m
[  0%] Built target sensor_msgs_generate_messages_nodejs
[  0%] Built target std_msgs_generate_messages_lisp
[  0%] Built target std_msgs_generate_messages_py
[  0%] Built target sensor_msgs_generate_messages_lisp
[  0%] Built target std_msgs_generate_messages_nodejs
[  0%] Built target sensor_msgs_generate_messages_py
[ 11%] Built target Evaluator
[ 23%] Built target TransformLaserScan
[ 23%] Built target std_msgs_generate_messages_cpp
[ 23%] Built target sensor_msgs_generate_messages_eus
[ 35%] Built target LandmarkProcessor
[ 35%] Built target sensor_msgs_generate_messages_cpp
[ 35%] Built target std_msgs_generate_messages_eus
[ 47%] Built target CmdVelSmoother
[ 52%] [32mBuilding CXX object CMakeFiles/EKFSlam.dir/src/ekfSlam.cpp.o[0m
[ 52%] Built target _master_thesis_kremmel_generate_messages_check_deps_Landmark
[ 58%] Built target master_thesis_kremmel_generate_messages_lisp
[ 70%] Built target master_thesis_kremmel_generate_messages_py
[ 76%] Built target master_thesis_kremmel_generate_messages_nodejs
[ 88%] Built target master_thesis_kremmel_generate_messages_eus
[ 94%] Built target master_thesis_kremmel_generate_messages_cpp
[ 94%] Built target master_thesis_kremmel_generate_messages
[01m[K/home/max/master_thesis_kremmel/master_thesis_ros/catkin_ws/src/master_thesis_kremmel/src/ekfSlam.cpp:[m[K In constructor â€˜[01m[KEKFSlam::EKFSlam(ros::NodeHandle&)[m[Kâ€™:
[01m[K/home/max/master_thesis_kremmel/master_thesis_ros/catkin_ws/src/master_thesis_kremmel/src/ekfSlam.cpp:58:24:[m[K [01;31m[Kerror: [m[Kexpected â€˜[01m[K;[m[Kâ€™ before numeric constant
   58 |         state_vector(0)[01;31m[K [m[K[32m[K0[m[K;
      |                        [01;31m[K^[m[K[32m[K~[m[K
      |                        [32m[K;[m[K
[01m[K/home/max/master_thesis_kremmel/master_thesis_ros/catkin_ws/src/master_thesis_kremmel/src/ekfSlam.cpp:59:24:[m[K [01;31m[Kerror: [m[Kexpected â€˜[01m[K;[m[Kâ€™ before numeric constant
   59 |         state_vector(1)[01;31m[K [m[K[32m[K0[m[K;
      |                        [01;31m[K^[m[K[32m[K~[m[K
      |                        [32m[K;[m[K
make[2]: *** [CMakeFiles/EKFSlam.dir/build.make:63: CMakeFiles/EKFSlam.dir/src/ekfSlam.cpp.o] Error 1
make[1]: *** [CMakeFiles/Makefile2:239: CMakeFiles/EKFSlam.dir/all] Error 2
make: *** [Makefile:141: all] Error 2
