[35m[1mScanning dependencies of target EKFSlam[0m
[  0%] Built target sensor_msgs_generate_messages_py
[  0%] Built target std_msgs_generate_messages_py
[  0%] Built target std_msgs_generate_messages_lisp
[ 11%] Built target Evaluator
[ 11%] Built target sensor_msgs_generate_messages_lisp
[ 11%] Built target std_msgs_generate_messages_nodejs
[ 11%] Built target sensor_msgs_generate_messages_nodejs
[ 23%] Built target TransformLaserScan
[ 23%] Built target std_msgs_generate_messages_eus
[ 35%] Built target LandmarkProcessor
[ 35%] Built target std_msgs_generate_messages_cpp
[ 35%] Built target sensor_msgs_generate_messages_eus
[ 35%] Built target sensor_msgs_generate_messages_cpp
[ 47%] Built target CmdVelSmoother
[ 47%] Built target _master_thesis_kremmel_generate_messages_check_deps_Landmark
[ 52%] [32mBuilding CXX object CMakeFiles/EKFSlam.dir/src/ekfSlam.cpp.o[0m
[ 88%] Built target master_thesis_kremmel_generate_messages_eus
[ 88%] Built target master_thesis_kremmel_generate_messages_nodejs
[ 88%] Built target master_thesis_kremmel_generate_messages_py
[ 88%] Built target master_thesis_kremmel_generate_messages_lisp
[ 94%] Built target master_thesis_kremmel_generate_messages_cpp
[ 94%] Built target master_thesis_kremmel_generate_messages
[01m[K/home/max/master_thesis_kremmel/master_thesis_ros/catkin_ws/src/master_thesis_kremmel/src/ekfSlam.cpp:[m[K In member function â€˜[01m[KEigen::Vector2d EKFSlam::searchLMmatches(pcl::PointCloud<pcl::PointXYZ>::Ptr, pcl::PointCloud<pcl::PointXYZ>::Ptr, int)[m[Kâ€™:
[01m[K/home/max/master_thesis_kremmel/master_thesis_ros/catkin_ws/src/master_thesis_kremmel/src/ekfSlam.cpp:359:17:[m[K [01;31m[Kerror: [m[Kâ€˜[01m[Kz_mean[m[Kâ€™ was not declared in this scope; did you mean â€˜[01m[Ky_mean[m[Kâ€™?
  359 |                 [01;31m[Kz_mean[m[K += it->z;
      |                 [01;31m[K^~~~~~[m[K
      |                 [32m[Ky_mean[m[K
make[2]: *** [CMakeFiles/EKFSlam.dir/build.make:63: CMakeFiles/EKFSlam.dir/src/ekfSlam.cpp.o] Error 1
make[1]: *** [CMakeFiles/Makefile2:239: CMakeFiles/EKFSlam.dir/all] Error 2
make: *** [Makefile:141: all] Error 2
