[01m[K/home/max/master_thesis_kremmel/master_thesis_ros/catkin_ws/src/master_thesis_kremmel/src/ekfSlam.cpp:[m[K In member function â€˜[01m[KEigen::Vector2d EKFSlam::searchLMmatches(pcl::PointCloud<pcl::PointXYZ>::Ptr, pcl::PointCloud<pcl::PointXYZ>::Ptr, int)[m[Kâ€™:
[01m[K/home/max/master_thesis_kremmel/master_thesis_ros/catkin_ws/src/master_thesis_kremmel/src/ekfSlam.cpp:317:13:[m[K [01;31m[Kerror: [m[Kâ€˜[01m[KtransformToVelodyne[m[Kâ€™ was not declared in this scope
  317 |             [01;31m[KtransformToVelodyne[m[K = tfBuffer.lookupTransform("velodyne", "odom", ros::Time(0), ros::Duration(1.5));
      |             [01;31m[K^~~~~~~~~~~~~~~~~~~[m[K
[01m[K/home/max/master_thesis_kremmel/master_thesis_ros/catkin_ws/src/master_thesis_kremmel/src/ekfSlam.cpp:323:100:[m[K [01;31m[Kerror: [m[Kâ€˜[01m[KtransformToVelodyne[m[Kâ€™ was not declared in this scope
  323 |         pcl::transformPointCloud(*pcl_landmark_target, *pcl_landmark_target, tf2::transformToEigen([01;31m[KtransformToVelodyne[m[K).matrix());
      |                                                                                                    [01;31m[K^~~~~~~~~~~~~~~~~~~[m[K
make[2]: *** [CMakeFiles/EKFSlam.dir/build.make:63: CMakeFiles/EKFSlam.dir/src/ekfSlam.cpp.o] Error 1
make[1]: *** [CMakeFiles/Makefile2:239: CMakeFiles/EKFSlam.dir/all] Error 2
make: *** [Makefile:141: all] Error 2
