[01m[K/home/max/master_thesis_kremmel/master_thesis_ros/catkin_ws/src/master_thesis_kremmel/src/ekfSlam.cpp:[m[K In member function â€˜[01m[Kbool EKFSlam::moveCurrentStateCallback(master_thesis_kremmel::MoveRobot::Request&, master_thesis_kremmel::MoveRobot::Response&)[m[Kâ€™:
[01m[K/home/max/master_thesis_kremmel/master_thesis_ros/catkin_ws/src/master_thesis_kremmel/src/ekfSlam.cpp:381:13:[m[K [01;31m[Kerror: [m[Kâ€˜[01m[Kmaster_thesis_kremmel::MoveRobot::Response[m[Kâ€™ {aka â€˜[01m[Kstruct master_thesis_kremmel::MoveRobotResponse_<std::allocator<void> >[m[Kâ€™} has no member named â€˜[01m[Ksuccess[m[Kâ€™
  381 |         res.[01;31m[Ksuccess[m[K = true;
      |             [01;31m[K^~~~~~~[m[K
make[2]: *** [CMakeFiles/EKFSlam.dir/build.make:63: CMakeFiles/EKFSlam.dir/src/ekfSlam.cpp.o] Error 1
make[1]: *** [CMakeFiles/Makefile2:236: CMakeFiles/EKFSlam.dir/all] Error 2
make: *** [Makefile:141: all] Error 2
