[01m[K/home/max/master_thesis_kremmel/master_thesis_ros/catkin_ws/src/master_thesis_kremmel/src/ekfSlam.cpp:[m[K In member function â€˜[01m[KEigen::Vector2d EKFSlam::searchLMmatches(pcl::PointCloud<pcl::PointXYZ>::Ptr, pcl::PointCloud<pcl::PointXYZ>::Ptr, int)[m[Kâ€™:
[01m[K/home/max/master_thesis_kremmel/master_thesis_ros/catkin_ws/src/master_thesis_kremmel/src/ekfSlam.cpp:359:17:[m[K [01;31m[Kerror: [m[Kâ€˜[01m[Kz_mean[m[Kâ€™ was not declared in this scope; did you mean â€˜[01m[Ky_mean[m[Kâ€™?
  359 |                 [01;31m[Kz_mean[m[K += it->z;
      |                 [01;31m[K^~~~~~[m[K
      |                 [32m[Ky_mean[m[K
make[2]: *** [CMakeFiles/EKFSlam.dir/build.make:63: CMakeFiles/EKFSlam.dir/src/ekfSlam.cpp.o] Error 1
make[1]: *** [CMakeFiles/Makefile2:239: CMakeFiles/EKFSlam.dir/all] Error 2
make: *** [Makefile:141: all] Error 2
