[01m[K/home/max/master_thesis_kremmel/master_thesis_ros/catkin_ws/src/master_thesis_kremmel/src/evaluator.cpp:[m[K In constructor â€˜[01m[KEvaluator::Evaluator(ros::NodeHandle&)[m[Kâ€™:
[01m[K/home/max/master_thesis_kremmel/master_thesis_ros/catkin_ws/src/master_thesis_kremmel/src/evaluator.cpp:18:9:[m[K [01;31m[Kerror: [m[Kâ€˜[01m[KcurrentStateSubscriber[m[Kâ€™ was not declared in this scope
   18 |         [01;31m[KcurrentStateSubscriber[m[K.subscribe(n, "/ekf_slam/current_state", 1);
      |         [01;31m[K^~~~~~~~~~~~~~~~~~~~~~[m[K
[01m[K/home/max/master_thesis_kremmel/master_thesis_ros/catkin_ws/src/master_thesis_kremmel/src/evaluator.cpp:[m[K In member function â€˜[01m[Kvoid Evaluator::callback(const ConstPtr&, const ConstPtr&)[m[Kâ€™:
[01m[K/home/max/master_thesis_kremmel/master_thesis_ros/catkin_ws/src/master_thesis_kremmel/src/evaluator.cpp:34:20:[m[K [01;31m[Kerror: [m[Kâ€˜[01m[Kv[m[Kâ€™ was not declared in this scope
   34 |         results << [01;31m[Kv[m[K << "," << w << "," << numberOfDetectedLandmarks << "," << state_vector(0) << "," << state_vector(1) << "," << constrain_angle(state_vector(2))
      |                    [01;31m[K^[m[K
[01m[K/home/max/master_thesis_kremmel/master_thesis_ros/catkin_ws/src/master_thesis_kremmel/src/evaluator.cpp:34:32:[m[K [01;31m[Kerror: [m[Kâ€˜[01m[Kw[m[Kâ€™ was not declared in this scope
   34 |         results << v << "," << [01;31m[Kw[m[K << "," << numberOfDetectedLandmarks << "," << state_vector(0) << "," << state_vector(1) << "," << constrain_angle(state_vector(2))
      |                                [01;31m[K^[m[K
[01m[K/home/max/master_thesis_kremmel/master_thesis_ros/catkin_ws/src/master_thesis_kremmel/src/evaluator.cpp:34:44:[m[K [01;31m[Kerror: [m[Kâ€˜[01m[KnumberOfDetectedLandmarks[m[Kâ€™ was not declared in this scope
   34 |         results << v << "," << w << "," << [01;31m[KnumberOfDetectedLandmarks[m[K << "," << state_vector(0) << "," << state_vector(1) << "," << constrain_angle(state_vector(2))
      |                                            [01;31m[K^~~~~~~~~~~~~~~~~~~~~~~~~[m[K
[01m[K/home/max/master_thesis_kremmel/master_thesis_ros/catkin_ws/src/master_thesis_kremmel/src/evaluator.cpp:34:80:[m[K [01;31m[Kerror: [m[Kâ€˜[01m[Kstate_vector[m[Kâ€™ was not declared in this scope
   34 |         results << v << "," << w << "," << numberOfDetectedLandmarks << "," << [01;31m[Kstate_vector[m[K(0) << "," << state_vector(1) << "," << constrain_angle(state_vector(2))
      |                                                                                [01;31m[K^~~~~~~~~~~~[m[K
[01m[K/home/max/master_thesis_kremmel/master_thesis_ros/catkin_ws/src/master_thesis_kremmel/src/evaluator.cpp:34:132:[m[K [01;31m[Kerror: [m[Kâ€˜[01m[Kconstrain_angle[m[Kâ€™ was not declared in this scope
   34 |         results << v << "," << w << "," << numberOfDetectedLandmarks << "," << state_vector(0) << "," << state_vector(1) << "," << [01;31m[Kconstrain_angle[m[K(state_vector(2))
      |                                                                                                                                    [01;31m[K^~~~~~~~~~~~~~~[m[K
[01m[K/home/max/master_thesis_kremmel/master_thesis_ros/catkin_ws/src/master_thesis_kremmel/src/evaluator.cpp:35:27:[m[K [01;31m[Kerror: [m[Kâ€˜[01m[Kstate_vector_wheel_odom[m[Kâ€™ was not declared in this scope
   35 |                 << "," << [01;31m[Kstate_vector_wheel_odom[m[K(0) << "," << state_vector_wheel_odom(1) << "," << constrain_angle(state_vector_wheel_odom(2))
      |                           [01;31m[K^~~~~~~~~~~~~~~~~~~~~~~[m[K
[01m[K/home/max/master_thesis_kremmel/master_thesis_ros/catkin_ws/src/master_thesis_kremmel/src/evaluator.cpp:36:137:[m[K [01;31m[Kerror: [m[Kâ€˜[01m[KgetYaw[m[Kâ€™ was not declared in this scope; did you mean â€˜[01m[Kgetw[m[Kâ€™?
   36 |                 << "," << groundTruthMsg->pose.pose.position.x << "," << groundTruthMsg->pose.pose.position.y << "," << constrain_angle([01;31m[KgetYaw[m[K(groundTruthMsg))
      |                                                                                                                                         [01;31m[K^~~~~~[m[K
      |                                                                                                                                         [32m[Kgetw[m[K
[01m[K/home/max/master_thesis_kremmel/master_thesis_ros/catkin_ws/src/master_thesis_kremmel/src/evaluator.cpp:37:27:[m[K [01;31m[Kerror: [m[Kâ€˜[01m[KmeanFitnessScore[m[Kâ€™ was not declared in this scope
   37 |                 << "," << [01;31m[KmeanFitnessScore[m[K
      |                           [01;31m[K^~~~~~~~~~~~~~~~[m[K
make[2]: *** [CMakeFiles/Evaluator.dir/build.make:63: CMakeFiles/Evaluator.dir/src/evaluator.cpp.o] Error 1
make[1]: *** [CMakeFiles/Makefile2:407: CMakeFiles/Evaluator.dir/all] Error 2
make[1]: *** Waiting for unfinished jobs....
[01m[K/home/max/master_thesis_kremmel/master_thesis_ros/catkin_ws/src/master_thesis_kremmel/src/ekfSlam.cpp:[m[K In member function â€˜[01m[Kvoid EKFSlam::predict(const ConstPtr&, const PointCloud2ConstPtr&)[m[Kâ€™:
[01m[K/home/max/master_thesis_kremmel/master_thesis_ros/catkin_ws/src/master_thesis_kremmel/src/ekfSlam.cpp:187:35:[m[K [01;31m[Kerror: [m[Kexpected â€˜[01m[K;[m[Kâ€™ before â€˜[01m[K}[m[Kâ€™ token
  187 |         sendNewBaseLinkTransform()
      |                                   [01;31m[K^[m[K
      |                                   [32m[K;[m[K
  188 |     [32m[K}[m[K
      |     [32m[K~[m[K                              
make[2]: *** [CMakeFiles/EKFSlam.dir/build.make:63: CMakeFiles/EKFSlam.dir/src/ekfSlam.cpp.o] Error 1
make[1]: *** [CMakeFiles/Makefile2:236: CMakeFiles/EKFSlam.dir/all] Error 2
make: *** [Makefile:141: all] Error 2
