[01m[K/home/max/master_thesis_kremmel/master_thesis_ros/catkin_ws/src/master_thesis_kremmel/src/ekfSlam.cpp:[m[K In member function â€˜[01m[Kvoid EKFSlam::correct(const PointCloud2ConstPtr&)[m[Kâ€™:
[01m[K/home/max/master_thesis_kremmel/master_thesis_ros/catkin_ws/src/master_thesis_kremmel/src/ekfSlam.cpp:257:38:[m[K [01;31m[Kerror: [m[Kno matching function for call to â€˜[01m[KEKFSlam::publishPredictedMeas()[m[Kâ€™
  257 |                 publishPredictedMeas([01;31m[K)[m[K;
      |                                      [01;31m[K^[m[K
[01m[K/home/max/master_thesis_kremmel/master_thesis_ros/catkin_ws/src/master_thesis_kremmel/src/ekfSlam.cpp:99:10:[m[K [01;36m[Knote: [m[Kcandidate: â€˜[01m[Kvoid EKFSlam::publishPredictedMeas(int)[m[Kâ€™
   99 |     void [01;36m[KpublishPredictedMeas[m[K(int i)
      |          [01;36m[K^~~~~~~~~~~~~~~~~~~~[m[K
[01m[K/home/max/master_thesis_kremmel/master_thesis_ros/catkin_ws/src/master_thesis_kremmel/src/ekfSlam.cpp:99:10:[m[K [01;36m[Knote: [m[K  candidate expects 1 argument, 0 provided
make[2]: *** [CMakeFiles/EKFSlam.dir/build.make:63: CMakeFiles/EKFSlam.dir/src/ekfSlam.cpp.o] Error 1
make[1]: *** [CMakeFiles/Makefile2:239: CMakeFiles/EKFSlam.dir/all] Error 2
make: *** [Makefile:141: all] Error 2
